<?xml version="1.0" encoding="UTF-8"?>
<!-- Generated by org.testng.reporters.JUnitReportReporter -->
<testsuite hostname="DESKTOP-J2AH7RF" failures="0" tests="4" name="MarketPlace.Tests.Submit" time="39.784" errors="0" timestamp="2025-02-05T13:04:15 IST" skipped="0">
  <testcase classname="MarketPlace.Tests.Submit" name="Contactus" time="8.572"/>
  <testcase classname="MarketPlace.Tests.Submit" name="Contactus" time="16.037"/>
  <testcase classname="MarketPlace.Tests.Submit" name="Login" time="6.733"/>
  <testcase classname="MarketPlace.Tests.Submit" name="Login" time="8.442"/>
</testsuite> <!-- MarketPlace.Tests.Submit -->
