<?xml version="1.0" encoding="UTF-8"?>
<!-- Generated by org.testng.reporters.JUnitReportReporter -->
<testsuite hostname="DESKTOP-J2AH7RF" failures="0" tests="4" name="MarketPlace.Tests.Submit" time="54.662" errors="0" timestamp="2025-02-07T15:03:17 IST" skipped="0">
  <testcase classname="MarketPlace.Tests.Submit" name="Contactus" time="18.419"/>
  <testcase classname="MarketPlace.Tests.Submit" name="Contactus" time="14.664"/>
  <testcase classname="MarketPlace.Tests.Submit" name="Login" time="7.898"/>
  <testcase classname="MarketPlace.Tests.Submit" name="Login" time="13.681"/>
</testsuite> <!-- MarketPlace.Tests.Submit -->
